<?xml version="1.0" encoding="UTF-8"?>
<testng-results ignored="0" total="1" passed="1" failed="0" skipped="0">
  <reporter-output>
  </reporter-output>
  <suite started-at="2025-12-31T17:14:31 IST" name="Default suite" finished-at="2025-12-31T17:14:48 IST" duration-ms="16110">
    <groups>
    </groups>
    <test started-at="2025-12-31T17:14:31 IST" name="Default test" finished-at="2025-12-31T17:14:48 IST" duration-ms="16110">
      <class name="com.test.PP_Machines_storage.dgx4storgae">
        <test-method signature="testStorageDetails()[pri:0, instance:com.test.PP_Machines_storage.dgx4storgae@18d87d80]" started-at="2025-12-31T17:14:32 IST" name="testStorageDetails" finished-at="2025-12-31T17:14:48 IST" duration-ms="16066" status="PASS">
          <reporter-output>
          </reporter-output>
        </test-method> <!-- testStorageDetails -->
      </class> <!-- com.test.PP_Machines_storage.dgx4storgae -->
    </test> <!-- Default test -->
  </suite> <!-- Default suite -->
</testng-results>
